0 info it worked if it ends with ok
1 verbose cli [ 'node', '/usr/local/bin/npm', 'install', 'angular-minieditor' ]
2 info using npm@1.4.28
3 info using node@v0.10.33
4 warn package.json angular-bootstrap@0.12.2 No README data
5 verbose readDependencies using package.json deps
6 verbose cache add [ 'angular-minieditor', null ]
7 verbose cache add name=undefined spec="angular-minieditor" args=["angular-minieditor",null]
8 verbose parsed url { protocol: null,
8 verbose parsed url   slashes: null,
8 verbose parsed url   auth: null,
8 verbose parsed url   host: null,
8 verbose parsed url   port: null,
8 verbose parsed url   hostname: null,
8 verbose parsed url   hash: null,
8 verbose parsed url   search: null,
8 verbose parsed url   query: null,
8 verbose parsed url   pathname: 'angular-minieditor',
8 verbose parsed url   path: 'angular-minieditor',
8 verbose parsed url   href: 'angular-minieditor' }
9 silly lockFile e2c31122-angular-minieditor angular-minieditor
10 verbose lock angular-minieditor /Users/davidov/.npm/e2c31122-angular-minieditor.lock
11 silly lockFile e2c31122-angular-minieditor angular-minieditor
12 silly lockFile e2c31122-angular-minieditor angular-minieditor
13 verbose addNamed [ 'angular-minieditor', '' ]
14 verbose addNamed [ null, '*' ]
15 silly lockFile 63960c39-angular-minieditor angular-minieditor@
16 verbose lock angular-minieditor@ /Users/davidov/.npm/63960c39-angular-minieditor.lock
17 silly addNameRange { name: 'angular-minieditor', range: '*', hasData: false }
18 verbose request where is /angular-minieditor
19 verbose request registry https://registry.npmjs.org/
20 verbose request id 48280935ecf7a840
21 verbose url raw /angular-minieditor
22 verbose url resolving [ 'https://registry.npmjs.org/', './angular-minieditor' ]
23 verbose url resolved https://registry.npmjs.org/angular-minieditor
24 verbose request where is https://registry.npmjs.org/angular-minieditor
25 info trying registry request attempt 1 at 18:38:29
26 http GET https://registry.npmjs.org/angular-minieditor
27 http 404 https://registry.npmjs.org/angular-minieditor
28 verbose headers { server: 'CouchDB/1.5.0 (Erlang OTP/R16B03)',
28 verbose headers   'content-type': 'application/json',
28 verbose headers   'cache-control': 'max-age=0',
28 verbose headers   'content-length': '51',
28 verbose headers   'accept-ranges': 'bytes',
28 verbose headers   date: 'Tue, 28 Jul 2015 15:38:10 GMT',
28 verbose headers   via: '1.1 varnish',
28 verbose headers   age: '0',
28 verbose headers   connection: 'keep-alive',
28 verbose headers   'x-served-by': 'cache-lhr6322-LHR',
28 verbose headers   'x-cache': 'MISS',
28 verbose headers   'x-cache-hits': '0',
28 verbose headers   'x-timer': 'S1438097890.737252,VS0,VE98' }
29 silly registry.get cb [ 404,
29 silly registry.get   { server: 'CouchDB/1.5.0 (Erlang OTP/R16B03)',
29 silly registry.get     'content-type': 'application/json',
29 silly registry.get     'cache-control': 'max-age=0',
29 silly registry.get     'content-length': '51',
29 silly registry.get     'accept-ranges': 'bytes',
29 silly registry.get     date: 'Tue, 28 Jul 2015 15:38:10 GMT',
29 silly registry.get     via: '1.1 varnish',
29 silly registry.get     age: '0',
29 silly registry.get     connection: 'keep-alive',
29 silly registry.get     'x-served-by': 'cache-lhr6322-LHR',
29 silly registry.get     'x-cache': 'MISS',
29 silly registry.get     'x-cache-hits': '0',
29 silly registry.get     'x-timer': 'S1438097890.737252,VS0,VE98' } ]
30 silly lockFile 63960c39-angular-minieditor angular-minieditor@
31 silly lockFile 63960c39-angular-minieditor angular-minieditor@
32 error 404 404 Not Found: angular-minieditor
32 error 404
32 error 404 'angular-minieditor' is not in the npm registry.
32 error 404 You should bug the author to publish it
32 error 404 It was specified as a dependency of 'lineman-angular-template'
32 error 404
32 error 404 Note that you can also install from a
32 error 404 tarball, folder, or http url, or git url.
33 error System Darwin 14.4.0
34 error command "node" "/usr/local/bin/npm" "install" "angular-minieditor"
35 error cwd /Users/davidov/Development/angular/squire
36 error node -v v0.10.33
37 error npm -v 1.4.28
38 error code E404
39 verbose exit [ 1, true ]
